ls
2023-08-17 10:53:09,640 - __main__ - WARNING - day0asynch - KeyError on get_stock_data request for ACAX - line 122
2023-08-17 10:53:10,762 - __main__ - WARNING - day0asynch - KeyError on get_stock_data request for AEON - line 122
2023-08-17 10:53:11,795 - __main__ - WARNING - day0asynch - KeyError on get_stock_data request for AMAM - line 122
2023-08-17 10:53:13,365 - __main__ - WARNING - day0asynch - KeyError on get_stock_data request for ARBB - line 122
2023-08-17 10:53:15,053 - __main__ - WARNING - day0asynch - KeyError on get_stock_data request for BAER - line 122
2023-08-17 10:53:16,910 - __main__ - WARNING - day0asynch - KeyError on get_stock_data request for BNRG - line 122
2023-08-17 10:53:19,734 - __main__ - WARNING - day0asynch - KeyError on get_stock_data request for CHSN - line 122
2023-08-17 10:53:22,332 - __main__ - WARNING - day0asynch - KeyError on get_stock_data request for CSLR - line 122
2023-08-17 10:53:24,491 - __main__ - WARNING - day0asynch - KeyError on get_stock_data request for DSAQ - line 122
2023-08-17 10:53:33,794 - __main__ - INFO - day0asynch - Close price of GAMB: 12.69 - line 78
2023-08-17 10:53:34,586 - __main__ - WARNING - day0asynch - KeyError on get_stock_data request for HKIT - line 122
2023-08-17 10:53:34,593 - __main__ - WARNING - day0asynch - KeyError on get_stock_data request for HLP - line 122
2023-08-17 10:53:34,633 - __main__ - WARNING - day0asynch - KeyError on get_stock_data request for HSHP - line 122
2023-08-17 10:53:35,569 - __main__ - WARNING - day0asynch - KeyError on get_stock_data request for IPDN - line 122
2023-08-17 10:53:36,015 - __main__ - WARNING - day0asynch - KeyError on get_stock_data request for ISPR - line 122
2023-08-17 10:53:39,539 - __main__ - WARNING - day0asynch - KeyError on get_stock_data request for LTRY - line 122
2023-08-17 10:53:41,026 - __main__ - WARNING - day0asynch - KeyError on get_stock_data request for MGIH - line 122
2023-08-17 10:53:42,534 - __main__ - WARNING - day0asynch - KeyError on get_stock_data request for MSGE - line 122
2023-08-17 10:53:42,987 - __main__ - WARNING - day0asynch - KeyError on get_stock_data request for MWG - line 122
2023-08-17 10:53:52,762 - __main__ - WARNING - day0asynch - KeyError on get_stock_data request for RENB - line 122
2023-08-17 10:53:54,859 - __main__ - WARNING - day0asynch - KeyError on get_stock_data request for SFWL - line 122
2023-08-17 10:53:56,503 - __main__ - WARNING - day0asynch - KeyError on get_stock_data request for SNMP - line 122
2023-08-17 10:53:57,753 - __main__ - WARNING - day0asynch - KeyError on get_stock_data request for STHO - line 122
2023-08-17 10:54:02,403 - __main__ - INFO - day0asynch - Close price of TIVC: 0.067 - line 78
2023-08-17 10:54:05,368 - __main__ - INFO - day0asynch - Close price of TRKA: 1.07 - line 78
2023-08-17 10:54:05,392 - __main__ - WARNING - day0asynch - KeyError on get_stock_data request for TYGO - line 122
2023-08-17 10:54:05,631 - __main__ - WARNING - day0asynch - KeyError on get_stock_data request for YGF - line 122
2023-08-17 10:54:05,648 - __main__ - WARNING - day0asynch - KeyError on get_stock_data request for ZJYL - line 122
2023-08-17 10:54:06,885 - __main__ - WARNING - day0asynch - KeyError on get_stock_data request for AEON - line 122
2023-08-17 10:54:08,270 - __main__ - WARNING - day0asynch - KeyError on get_stock_data request for AMAM - line 122
2023-08-17 10:54:09,624 - __main__ - WARNING - day0asynch - KeyError on get_stock_data request for ARBB - line 122
2023-08-17 10:54:15,987 - __main__ - WARNING - day0asynch - KeyError on get_stock_data request for CHSN - line 122
2023-08-17 10:54:20,177 - __main__ - INFO - day0asynch - Close price of CMPS: 9.05 - line 78
2023-08-17 10:54:20,239 - __main__ - WARNING - day0asynch - KeyError on get_stock_data request for CSLR - line 122
2023-08-17 10:54:20,569 - __main__ - WARNING - day0asynch - KeyError on get_stock_data request for DHC - line 122
2023-08-17 10:54:22,890 - __main__ - INFO - day0asynch - Close price of DLO: 20.45 - line 78
2023-08-17 10:54:28,120 - __main__ - WARNING - day0asynch - KeyError on get_stock_data request for HLP - line 122
2023-08-17 10:54:28,336 - __main__ - WARNING - day0asynch - KeyError on get_stock_data request for HKIT - line 122
2023-08-17 10:54:28,709 - __main__ - WARNING - day0asynch - KeyError on get_stock_data request for HSHP - line 122
2023-08-17 10:54:31,268 - __main__ - WARNING - day0asynch - KeyError on get_stock_data request for ISPR - line 122
2023-08-17 10:54:34,789 - __main__ - WARNING - day0asynch - KeyError on get_stock_data request for LTRY - line 122
2023-08-17 10:54:36,374 - __main__ - WARNING - day0asynch - KeyError on get_stock_data request for MGIH - line 122
2023-08-17 10:54:37,852 - __main__ - WARNING - day0asynch - KeyError on get_stock_data request for MSGE - line 122
2023-08-17 10:54:38,382 - __main__ - WARNING - day0asynch - KeyError on get_stock_data request for MWG - line 122
2023-08-17 10:54:46,217 - __main__ - WARNING - day0asynch - KeyError on get_stock_data request for RENB - line 122
2023-08-17 10:54:50,592 - __main__ - WARNING - day0asynch - KeyError on get_stock_data request for SFWL - line 122
2023-08-17 10:54:52,973 - __main__ - WARNING - day0asynch - KeyError on get_stock_data request for SNMP - line 122
2023-08-17 10:54:53,984 - __main__ - WARNING - day0asynch - KeyError on get_stock_data request for STHO - line 122
2023-08-17 10:54:59,474 - __main__ - INFO - day0asynch - Close price of TIVC: 0.067 - line 78
2023-08-17 10:55:02,696 - __main__ - INFO - day0asynch - Close price of UP: 1.74 - line 78
2023-08-17 10:55:02,822 - __main__ - WARNING - day0asynch - KeyError on get_stock_data request for YGF - line 122
2023-08-17 10:55:02,845 - __main__ - WARNING - day0asynch - KeyError on get_stock_data request for ZJYL - line 122
2023-08-17 10:55:04,394 - __main__ - WARNING - day0asynch - KeyError on get_stock_data request for AEON - line 122
2023-08-17 10:55:05,802 - __main__ - WARNING - day0asynch - KeyError on get_stock_data request for AMAM - line 122
2023-08-17 10:55:07,420 - __main__ - WARNING - day0asynch - KeyError on get_stock_data request for ARBB - line 122
2023-08-17 10:57:37,955 - __main__ - INFO - day0asynch - Close price of GAMB: 12.69 - line 79
2023-08-17 10:58:09,460 - __main__ - INFO - day0asynch - Close price of GAMB: 12.69 - line 79
2023-08-17 11:02:48,061 - __main__ - INFO - day0asynch - Close price of GAMB: 12.69 - line 79
2023-08-17 11:03:24,428 - __main__ - WARNING - day0asynch - KeyError on get_stock_data request for ACAX - line 126
2023-08-17 11:03:25,896 - __main__ - WARNING - day0asynch - KeyError on get_stock_data request for AEON - line 126
2023-08-17 11:03:27,610 - __main__ - WARNING - day0asynch - KeyError on get_stock_data request for AMAM - line 126
2023-08-17 11:03:29,162 - __main__ - WARNING - day0asynch - KeyError on get_stock_data request for ARBB - line 126
2023-08-17 11:03:31,794 - __main__ - ERROR - day0asynch - Unexpected error on get_sector request for ATAT: list index out of range - line 60
2023-08-17 11:03:32,607 - __main__ - INFO - day0asynch - Close price of ATAT: 20.76 - line 78
2023-08-17 11:03:33,033 - __main__ - WARNING - day0asynch - KeyError on get_stock_data request for BAER - line 126
2023-08-17 11:03:33,600 - __main__ - WARNING - day0asynch - KeyError on get_stock_data request for BNRG - line 126
2023-08-17 11:03:37,041 - __main__ - WARNING - day0asynch - KeyError on get_stock_data request for CHSN - line 126
2023-08-17 11:03:37,744 - __main__ - WARNING - day0asynch - KeyError on get_stock_data request for COYA - line 126
2023-08-17 11:03:38,518 - __main__ - WARNING - day0asynch - KeyError on get_stock_data request for CSLR - line 126
2023-08-17 11:03:40,209 - __main__ - WARNING - day0asynch - KeyError on get_stock_data request for DHC - line 126
2023-08-17 11:03:40,814 - __main__ - WARNING - day0asynch - KeyError on get_stock_data request for DSAQ - line 126
2023-08-17 11:03:49,542 - __main__ - WARNING - day0asynch - KeyError on get_stock_data request for ACAX - line 122
2023-08-17 11:03:50,373 - __main__ - WARNING - day0asynch - KeyError on get_stock_data request for AEON - line 122
2023-08-17 11:03:51,918 - __main__ - WARNING - day0asynch - KeyError on get_stock_data request for AMAM - line 122
2023-08-17 11:03:53,123 - __main__ - WARNING - day0asynch - KeyError on get_stock_data request for ARBB - line 122
2023-08-17 11:03:57,508 - __main__ - ERROR - day0asynch - Unexpected error on get_sector request for ATAT: list index out of range - line 60
2023-08-17 11:03:57,947 - __main__ - INFO - day0asynch - Close price of ATAT: 20.76 - line 78
2023-08-17 11:03:58,201 - __main__ - WARNING - day0asynch - KeyError on get_stock_data request for BAER - line 122
2023-08-17 11:03:58,729 - __main__ - WARNING - day0asynch - KeyError on get_stock_data request for BNRG - line 122
2023-08-17 11:04:00,060 - __main__ - WARNING - day0asynch - KeyError on get_stock_data request for CHSN - line 122
2023-08-17 11:04:01,599 - __main__ - WARNING - day0asynch - KeyError on get_stock_data request for COYA - line 122
2023-08-17 11:04:02,357 - __main__ - WARNING - day0asynch - KeyError on get_stock_data request for CSLR - line 122
2023-08-17 11:04:04,013 - __main__ - WARNING - day0asynch - KeyError on get_stock_data request for DHC - line 122
2023-08-17 11:04:04,730 - __main__ - WARNING - day0asynch - KeyError on get_stock_data request for DSAQ - line 122
2023-08-17 11:04:13,878 - __main__ - INFO - day0asynch - Close price of GAMB: 12.69 - line 78
2023-08-17 11:04:14,440 - __main__ - WARNING - day0asynch - KeyError on get_stock_data request for HKIT - line 122
2023-08-17 11:04:14,510 - __main__ - WARNING - day0asynch - KeyError on get_stock_data request for HLP - line 122
2023-08-17 11:04:14,641 - __main__ - WARNING - day0asynch - KeyError on get_stock_data request for HSHP - line 122
2023-08-17 11:04:15,691 - __main__ - WARNING - day0asynch - KeyError on get_stock_data request for IPDN - line 122
2023-08-17 11:04:15,994 - __main__ - WARNING - day0asynch - KeyError on get_stock_data request for ISPR - line 122
2023-08-17 11:04:19,986 - __main__ - WARNING - day0asynch - KeyError on get_stock_data request for LTRY - line 122
2023-08-17 11:04:23,775 - __main__ - INFO - day0asynch - Close price of LYTS: 12.76 - line 78
2023-08-17 11:04:24,062 - __main__ - WARNING - day0asynch - KeyError on get_stock_data request for MGIH - line 122
2023-08-17 11:04:24,129 - __main__ - WARNING - day0asynch - KeyError on get_stock_data request for MSGE - line 122
2023-08-17 11:04:24,178 - __main__ - WARNING - day0asynch - KeyError on get_stock_data request for MWG - line 122
2023-08-17 11:04:32,935 - __main__ - INFO - day0asynch - Close price of PGEN: 1.515 - line 78
2023-08-17 11:04:33,444 - __main__ - WARNING - day0asynch - KeyError on get_stock_data request for RENB - line 122
2023-08-17 11:04:35,741 - __main__ - WARNING - day0asynch - KeyError on get_stock_data request for SFWL - line 122
2023-08-17 11:04:37,362 - __main__ - WARNING - day0asynch - KeyError on get_stock_data request for SNMP - line 122
2023-08-17 11:04:38,686 - __main__ - WARNING - day0asynch - KeyError on get_stock_data request for STHO - line 122
2023-08-17 11:04:43,697 - __main__ - INFO - day0asynch - Close price of TIVC: 0.067 - line 78
2023-08-17 11:04:46,365 - __main__ - INFO - day0asynch - Close price of TRKA: 1.07 - line 78
2023-08-17 11:04:46,423 - __main__ - WARNING - day0asynch - KeyError on get_stock_data request for TYGO - line 122
2023-08-17 11:04:47,329 - __main__ - WARNING - day0asynch - KeyError on get_stock_data request for YGF - line 122
2023-08-17 11:04:47,351 - __main__ - WARNING - day0asynch - KeyError on get_stock_data request for ZJYL - line 122
2023-08-17 11:07:45,320 - __main__ - WARNING - day0asynch - KeyError on get_stock_data request for ACAX - line 122
2023-08-17 11:07:46,210 - __main__ - WARNING - day0asynch - KeyError on get_stock_data request for AEON - line 122
2023-08-17 11:07:47,377 - __main__ - WARNING - day0asynch - KeyError on get_stock_data request for AMAM - line 122
2023-08-17 11:07:48,490 - __main__ - WARNING - day0asynch - KeyError on get_stock_data request for ARBB - line 122
2023-08-17 11:07:50,345 - __main__ - WARNING - day0asynch - KeyError on get_stock_data request for BAER - line 122
2023-08-17 11:07:52,063 - __main__ - WARNING - day0asynch - KeyError on get_stock_data request for BNRG - line 122
2023-08-17 11:07:57,386 - __main__ - INFO - day0asynch - Close price of CELL: 0.4 - line 78
2023-08-17 11:07:57,434 - __main__ - WARNING - day0asynch - KeyError on get_stock_data request for CHSN - line 122
2023-08-17 11:07:57,996 - __main__ - WARNING - day0asynch - KeyError on get_stock_data request for CSLR - line 122
2023-08-17 11:07:59,449 - __main__ - WARNING - day0asynch - KeyError on get_stock_data request for DSAQ - line 122
2023-08-17 11:08:07,194 - __main__ - INFO - day0asynch - Close price of GAMB: 12.69 - line 78
2023-08-17 11:08:07,314 - __main__ - WARNING - day0asynch - KeyError on get_stock_data request for HKIT - line 122
2023-08-17 11:08:07,319 - __main__ - WARNING - day0asynch - KeyError on get_stock_data request for HLP - line 122
2023-08-17 11:08:07,342 - __main__ - WARNING - day0asynch - KeyError on get_stock_data request for HSHP - line 122
2023-08-17 11:08:09,547 - __main__ - WARNING - day0asynch - KeyError on get_stock_data request for IPDN - line 122
2023-08-17 11:08:09,780 - __main__ - WARNING - day0asynch - KeyError on get_stock_data request for ISPR - line 122
2023-08-17 11:08:13,242 - __main__ - INFO - day0asynch - Close price of JOB: 0.53 - line 78
2023-08-17 11:08:13,966 - __main__ - WARNING - day0asynch - KeyError on get_stock_data request for LTRY - line 122
2023-08-17 11:08:14,326 - __main__ - WARNING - day0asynch - KeyError on get_stock_data request for MGIH - line 122
2023-08-17 11:08:14,332 - __main__ - WARNING - day0asynch - KeyError on get_stock_data request for MF - line 122
2023-08-17 11:08:15,635 - __main__ - WARNING - day0asynch - KeyError on get_stock_data request for MSGE - line 122
2023-08-17 11:08:15,983 - __main__ - WARNING - day0asynch - KeyError on get_stock_data request for MWG - line 122
2023-08-17 11:08:24,023 - __main__ - WARNING - day0asynch - KeyError on get_stock_data request for RENB - line 122
2023-08-17 11:08:26,485 - __main__ - WARNING - day0asynch - KeyError on get_stock_data request for SFWL - line 122
2023-08-17 11:08:28,079 - __main__ - WARNING - day0asynch - KeyError on get_stock_data request for SNMP - line 122
2023-08-17 11:08:29,382 - __main__ - WARNING - day0asynch - KeyError on get_stock_data request for STHO - line 122
2023-08-17 11:08:33,584 - __main__ - INFO - day0asynch - Close price of TIVC: 0.067 - line 78
2023-08-17 11:08:35,949 - __main__ - INFO - day0asynch - Close price of TRKA: 1.07 - line 78
2023-08-17 11:08:36,196 - __main__ - WARNING - day0asynch - KeyError on get_stock_data request for TYGO - line 122
2023-08-17 11:08:37,059 - __main__ - WARNING - day0asynch - KeyError on get_stock_data request for YGF - line 122
2023-08-17 11:08:37,505 - __main__ - WARNING - day0asynch - KeyError on get_stock_data request for ZJYL - line 122
2023-08-17 11:18:09,225 - __main__ - WARNING - day0asynch - KeyError on get_stock_data request for AEON - line 122
2023-08-17 11:18:10,332 - __main__ - WARNING - day0asynch - KeyError on get_stock_data request for AMAM - line 122
2023-08-17 11:18:11,599 - __main__ - WARNING - day0asynch - KeyError on get_stock_data request for ARBB - line 122
2023-08-17 11:18:18,209 - __main__ - WARNING - day0asynch - KeyError on get_stock_data request for CHSN - line 122
2023-08-17 11:18:20,317 - __main__ - WARNING - day0asynch - KeyError on get_stock_data request for CSLR - line 122
2023-08-17 11:18:22,121 - __main__ - WARNING - day0asynch - KeyError on get_stock_data request for DHC - line 122
2023-08-17 11:18:35,244 - __main__ - INFO - day0asynch - Close price of GROV: 3.02 - line 78
2023-08-17 11:18:35,323 - __main__ - WARNING - day0asynch - KeyError on get_stock_data request for HKIT - line 122
2023-08-17 11:18:35,533 - __main__ - WARNING - day0asynch - KeyError on get_stock_data request for HLP - line 122
2023-08-17 11:18:35,581 - __main__ - WARNING - day0asynch - KeyError on get_stock_data request for HSHP - line 122
2023-08-17 11:18:36,182 - __main__ - WARNING - day0asynch - KeyError on get_stock_data request for ISPR - line 122
2023-08-17 11:18:43,147 - __main__ - INFO - day0asynch - Close price of LL: 4.32 - line 78
2023-08-17 11:18:43,192 - __main__ - WARNING - day0asynch - KeyError on get_stock_data request for LTRY - line 122
2023-08-17 11:18:43,553 - __main__ - WARNING - day0asynch - KeyError on get_stock_data request for MGIH - line 122
2023-08-17 11:18:47,880 - __main__ - INFO - day0asynch - Close price of MITK: 11.25 - line 78
2023-08-17 11:18:48,086 - __main__ - WARNING - day0asynch - KeyError on get_stock_data request for MSGE - line 122
2023-08-17 11:18:48,221 - __main__ - WARNING - day0asynch - KeyError on get_stock_data request for MWG - line 122
2023-08-17 11:18:52,156 - __main__ - INFO - day0asynch - Close price of NVOS: 0.1811 - line 78
2023-08-17 11:18:55,523 - __main__ - INFO - day0asynch - Close price of PSFE: 13.61 - line 78
2023-08-17 11:18:58,761 - __main__ - INFO - day0asynch - Close price of RSKD: 4.53 - line 78
2023-08-17 11:18:58,853 - __main__ - WARNING - day0asynch - KeyError on get_stock_data request for SFWL - line 122
2023-08-17 11:18:59,294 - __main__ - WARNING - day0asynch - KeyError on get_stock_data request for SNMP - line 122
2023-08-17 11:19:02,949 - __main__ - INFO - day0asynch - Close price of SOLO: 0.7905 - line 78
2023-08-17 11:19:03,239 - __main__ - WARNING - day0asynch - KeyError on get_stock_data request for STHO - line 122
2023-08-17 11:19:06,550 - __main__ - INFO - day0asynch - Close price of TTOO: 0.5688 - line 78
2023-08-17 11:19:07,906 - __main__ - INFO - day0asynch - Close price of WLDS: 1.5 - line 78
2023-08-17 11:19:07,934 - __main__ - WARNING - day0asynch - KeyError on get_stock_data request for YGF - line 122
2023-08-17 11:19:07,957 - __main__ - WARNING - day0asynch - KeyError on get_stock_data request for ZJYL - line 122
2023-08-17 11:42:29,689 - __main__ - WARNING - day0asynch - KeyError on get_stock_data request for ACAX - line 122
2023-08-17 11:42:30,803 - __main__ - WARNING - day0asynch - KeyError on get_stock_data request for AEON - line 122
2023-08-17 11:42:31,948 - __main__ - WARNING - day0asynch - KeyError on get_stock_data request for AMAM - line 122
2023-08-17 11:42:33,267 - __main__ - WARNING - day0asynch - KeyError on get_stock_data request for ARBB - line 122
2023-08-17 11:42:37,575 - __main__ - WARNING - day0asynch - KeyError on get_stock_data request for BNRG - line 122
2023-08-17 11:42:44,614 - __main__ - INFO - day0asynch - Close price of CELL: 0.4 - line 78
2023-08-17 11:42:44,681 - __main__ - WARNING - day0asynch - KeyError on get_stock_data request for CHSN - line 122
2023-08-17 11:42:45,102 - __main__ - WARNING - day0asynch - KeyError on get_stock_data request for COYA - line 122
2023-08-17 11:42:45,154 - __main__ - WARNING - day0asynch - KeyError on get_stock_data request for CSLR - line 122
2023-08-17 11:42:46,288 - __main__ - WARNING - day0asynch - KeyError on get_stock_data request for DSAQ - line 122
2023-08-17 11:42:55,165 - __main__ - INFO - day0asynch - Close price of GAMB: 12.69 - line 78
2023-08-17 11:42:56,127 - __main__ - WARNING - day0asynch - KeyError on get_stock_data request for HKIT - line 122
2023-08-17 11:42:56,267 - __main__ - WARNING - day0asynch - KeyError on get_stock_data request for HLP - line 122
2023-08-17 11:42:56,377 - __main__ - WARNING - day0asynch - KeyError on get_stock_data request for HSHP - line 122
2023-08-17 11:42:59,103 - __main__ - WARNING - day0asynch - KeyError on get_stock_data request for ISPR - line 122
2023-08-17 11:42:59,139 - __main__ - WARNING - day0asynch - KeyError on get_stock_data request for IPDN - line 122
2023-08-17 11:43:04,661 - __main__ - INFO - day0asynch - Close price of JOB: 0.53 - line 78
2023-08-17 11:43:04,910 - __main__ - WARNING - day0asynch - KeyError on get_stock_data request for LTRY - line 122
2023-08-17 11:43:09,466 - __main__ - INFO - day0asynch - Close price of LYTS: 12.76 - line 78
2023-08-17 11:43:09,510 - __main__ - WARNING - day0asynch - KeyError on get_stock_data request for MGIH - line 122
2023-08-17 11:43:09,562 - __main__ - WARNING - day0asynch - KeyError on get_stock_data request for MSGE - line 122
2023-08-17 11:43:09,578 - __main__ - WARNING - day0asynch - KeyError on get_stock_data request for MWG - line 122
2023-08-17 11:43:20,117 - __main__ - WARNING - day0asynch - KeyError on get_stock_data request for RENB - line 122
2023-08-17 11:43:23,142 - __main__ - WARNING - day0asynch - KeyError on get_stock_data request for SFWL - line 122
2023-08-17 11:43:24,676 - __main__ - WARNING - day0asynch - KeyError on get_stock_data request for SNMP - line 122
2023-08-17 11:43:25,885 - __main__ - WARNING - day0asynch - KeyError on get_stock_data request for STHO - line 122
2023-08-17 11:43:31,932 - __main__ - INFO - day0asynch - Close price of TIVC: 0.067 - line 78
2023-08-17 11:43:34,650 - __main__ - INFO - day0asynch - Close price of TRKA: 1.07 - line 78
2023-08-17 11:43:34,879 - __main__ - WARNING - day0asynch - KeyError on get_stock_data request for TYGO - line 122
2023-08-17 11:43:35,511 - __main__ - WARNING - day0asynch - KeyError on get_stock_data request for YGF - line 122
2023-08-17 11:43:35,944 - __main__ - WARNING - day0asynch - KeyError on get_stock_data request for ZJYL - line 122
2023-08-17 11:43:37,527 - __main__ - WARNING - day0asynch - KeyError on get_stock_data request for AEON - line 122
2023-08-17 11:43:39,030 - __main__ - WARNING - day0asynch - KeyError on get_stock_data request for AMAM - line 122
2023-08-17 11:43:40,762 - __main__ - WARNING - day0asynch - KeyError on get_stock_data request for ARBB - line 122
2023-08-17 11:43:47,475 - __main__ - WARNING - day0asynch - KeyError on get_stock_data request for CHSN - line 122
2023-08-17 11:43:54,889 - __main__ - INFO - day0asynch - Close price of CMPS: 9.05 - line 78
2023-08-17 11:43:55,405 - __main__ - WARNING - day0asynch - KeyError on get_stock_data request for CSLR - line 122
2023-08-17 11:44:00,910 - __main__ - INFO - day0asynch - Close price of DLO: 20.45 - line 78
2023-08-17 11:44:05,080 - __main__ - INFO - day0asynch - Close price of EBET: 0.0868 - line 78
2023-08-17 11:44:05,955 - __main__ - WARNING - day0asynch - KeyError on get_stock_data request for HKIT - line 122
2023-08-17 11:44:05,963 - __main__ - WARNING - day0asynch - KeyError on get_stock_data request for HLP - line 122
2023-08-17 11:44:06,002 - __main__ - WARNING - day0asynch - KeyError on get_stock_data request for HSHP - line 122
2023-08-17 11:44:06,668 - __main__ - WARNING - day0asynch - KeyError on get_stock_data request for ISPR - line 122
2023-08-17 11:44:11,509 - __main__ - INFO - day0asynch - Close price of KULR: 1.08 - line 78
2023-08-17 11:44:11,903 - __main__ - WARNING - day0asynch - KeyError on get_stock_data request for LTRY - line 122
2023-08-17 11:44:11,965 - __main__ - WARNING - day0asynch - KeyError on get_stock_data request for MGIH - line 122
2023-08-17 11:44:12,971 - __main__ - WARNING - day0asynch - KeyError on get_stock_data request for MSGE - line 122
2023-08-17 11:44:14,087 - __main__ - WARNING - day0asynch - KeyError on get_stock_data request for MWG - line 122
2023-08-17 11:44:27,219 - __main__ - WARNING - day0asynch - KeyError on get_stock_data request for SFWL - line 122
2023-08-17 11:44:28,960 - __main__ - WARNING - day0asynch - KeyError on get_stock_data request for SNMP - line 122
2023-08-17 11:44:30,425 - __main__ - WARNING - day0asynch - KeyError on get_stock_data request for STHO - line 122
2023-08-17 11:44:39,631 - __main__ - INFO - day0asynch - Close price of TIVC: 0.067 - line 78
2023-08-17 11:44:41,703 - __main__ - INFO - day0asynch - Close price of UP: 1.74 - line 78
2023-08-17 11:44:41,893 - __main__ - WARNING - day0asynch - KeyError on get_stock_data request for YGF - line 122
2023-08-17 11:44:41,915 - __main__ - WARNING - day0asynch - KeyError on get_stock_data request for ZJYL - line 122
2023-08-17 11:44:43,737 - __main__ - WARNING - day0asynch - KeyError on get_stock_data request for AEON - line 122
2023-08-17 11:44:45,239 - __main__ - WARNING - day0asynch - KeyError on get_stock_data request for AMAM - line 122
2023-08-17 11:44:47,086 - __main__ - WARNING - day0asynch - KeyError on get_stock_data request for ARBB - line 122
2023-08-17 11:44:53,610 - __main__ - WARNING - day0asynch - KeyError on get_stock_data request for CHSN - line 122
2023-08-17 11:44:55,740 - __main__ - WARNING - day0asynch - KeyError on get_stock_data request for CSLR - line 122
2023-08-17 11:44:57,494 - __main__ - WARNING - day0asynch - KeyError on get_stock_data request for DHC - line 122
2023-08-17 11:45:07,548 - __main__ - INFO - day0asynch - Close price of GROV: 3.02 - line 78
2023-08-17 11:45:07,701 - __main__ - WARNING - day0asynch - KeyError on get_stock_data request for HLP - line 122
2023-08-17 11:45:07,704 - __main__ - WARNING - day0asynch - KeyError on get_stock_data request for HKIT - line 122
2023-08-17 11:45:07,938 - __main__ - WARNING - day0asynch - KeyError on get_stock_data request for HSHP - line 122
2023-08-17 11:45:08,635 - __main__ - WARNING - day0asynch - KeyError on get_stock_data request for ISPR - line 122
2023-08-17 11:45:15,917 - __main__ - INFO - day0asynch - Close price of LL: 4.32 - line 78
2023-08-17 11:45:16,167 - __main__ - WARNING - day0asynch - KeyError on get_stock_data request for LTRY - line 122
2023-08-17 11:45:16,267 - __main__ - WARNING - day0asynch - KeyError on get_stock_data request for MGIH - line 122
2023-08-17 11:45:19,715 - __main__ - INFO - day0asynch - Close price of MITK: 11.25 - line 78
2023-08-17 11:45:20,054 - __main__ - WARNING - day0asynch - KeyError on get_stock_data request for MSGE - line 122
2023-08-17 11:45:20,086 - __main__ - WARNING - day0asynch - KeyError on get_stock_data request for MWG - line 122
2023-08-17 11:45:24,153 - __main__ - INFO - day0asynch - Close price of NVOS: 0.1811 - line 78
2023-08-17 11:45:28,333 - __main__ - INFO - day0asynch - Close price of PSFE: 13.61 - line 78
2023-08-17 11:45:32,331 - __main__ - INFO - day0asynch - Close price of RSKD: 4.53 - line 78
2023-08-17 11:45:32,390 - __main__ - WARNING - day0asynch - KeyError on get_stock_data request for SFWL - line 122
2023-08-17 11:45:32,760 - __main__ - WARNING - day0asynch - KeyError on get_stock_data request for SNMP - line 122
2023-08-17 11:45:35,914 - __main__ - INFO - day0asynch - Close price of SOLO: 0.7905 - line 78
2023-08-17 11:45:36,038 - __main__ - WARNING - day0asynch - KeyError on get_stock_data request for STHO - line 122
2023-08-17 11:45:38,723 - __main__ - INFO - day0asynch - Close price of TTOO: 0.5688 - line 78
2023-08-17 11:45:40,268 - __main__ - WARNING - day0asynch - KeyError on get_stock_data request for YGF - line 122
2023-08-17 11:45:40,957 - __main__ - WARNING - day0asynch - KeyError on get_stock_data request for ZJYL - line 122
2023-08-17 11:45:43,097 - __main__ - INFO - day0asynch - Close price of WLDS: 1.5 - line 78
2023-08-17 11:45:59,848 - __main__ - WARNING - day0asynch - KeyError on get_stock_data request for AEON - line 122
2023-08-17 11:46:01,281 - __main__ - WARNING - day0asynch - KeyError on get_stock_data request for AMAM - line 122
2023-08-17 11:46:03,841 - __main__ - INFO - day0asynch - Close price of AMRS: 0.0795 - line 78
2023-08-17 11:46:03,926 - __main__ - WARNING - day0asynch - KeyError on get_stock_data request for ARBB - line 122
2023-08-17 11:46:09,030 - __main__ - WARNING - day0asynch - KeyError on get_stock_data request for CHSN - line 122
2023-08-17 11:46:11,350 - __main__ - WARNING - day0asynch - KeyError on get_stock_data request for CSLR - line 122
2023-08-17 11:46:20,492 - __main__ - INFO - day0asynch - Close price of EVLV: 6.98 - line 78
2023-08-17 11:46:24,216 - __main__ - INFO - day0asynch - Close price of GNS: 1.43 - line 78
2023-08-17 11:46:24,328 - __main__ - WARNING - day0asynch - KeyError on get_stock_data request for HKIT - line 122
2023-08-17 11:46:24,365 - __main__ - WARNING - day0asynch - KeyError on get_stock_data request for HLP - line 122
2023-08-17 11:46:24,387 - __main__ - WARNING - day0asynch - KeyError on get_stock_data request for HSHP - line 122
2023-08-17 11:46:29,065 - __main__ - INFO - day0asynch - Close price of INOD: 13.15 - line 78
2023-08-17 11:46:30,898 - __main__ - ERROR - day0asynch - Unexpected error on get_sector request for IONQ: list index out of range - line 60
2023-08-17 11:46:31,211 - __main__ - INFO - day0asynch - Close price of IONQ: 13.69 - line 78
2023-08-17 11:46:31,239 - __main__ - WARNING - day0asynch - KeyError on get_stock_data request for ISPR - line 122
2023-08-17 11:46:32,388 - __main__ - WARNING - day0asynch - KeyError on get_stock_data request for MGIH - line 122
2023-08-17 11:46:33,048 - __main__ - WARNING - day0asynch - KeyError on get_stock_data request for LTRY - line 122
2023-08-17 11:46:35,708 - __main__ - INFO - day0asynch - Close price of MODV: 35.74 - line 78
2023-08-17 11:46:35,727 - __main__ - WARNING - day0asynch - KeyError on get_stock_data request for MSGE - line 122
2023-08-17 11:46:35,860 - __main__ - WARNING - day0asynch - KeyError on get_stock_data request for MWG - line 122
2023-08-17 11:46:42,178 - __main__ - INFO - day0asynch - Close price of OUST: 6.34 - line 78
2023-08-17 11:46:43,959 - __main__ - INFO - day0asynch - Close price of PGY: 2.13 - line 78
2023-08-17 11:46:45,908 - __main__ - INFO - day0asynch - Close price of RGTI: 2.09 - line 78
2023-08-17 11:46:46,428 - __main__ - WARNING - day0asynch - KeyError on get_stock_data request for SFWL - line 122
2023-08-17 11:46:49,390 - __main__ - INFO - day0asynch - Close price of SHCO: 6.89 - line 78
2023-08-17 11:46:49,430 - __main__ - WARNING - day0asynch - KeyError on get_stock_data request for SNMP - line 122
2023-08-17 11:46:49,634 - __main__ - WARNING - day0asynch - KeyError on get_stock_data request for STHO - line 122
2023-08-17 11:46:58,574 - __main__ - WARNING - day0asynch - KeyError on get_stock_data request for YGF - line 122
2023-08-17 11:46:59,100 - __main__ - WARNING - day0asynch - KeyError on get_stock_data request for ZJYL - line 122
2023-08-17 11:47:03,563 - __main__ - INFO - day0asynch - Close price of ACIC: 7.86 - line 78
2023-08-17 11:47:06,053 - __main__ - INFO - day0asynch - Close price of ADMA: 4.44 - line 78
2023-08-17 11:47:06,070 - __main__ - WARNING - day0asynch - KeyError on get_stock_data request for AEON - line 122
2023-08-17 11:47:06,189 - __main__ - WARNING - day0asynch - KeyError on get_stock_data request for AMAM - line 122
2023-08-17 11:47:06,269 - __main__ - WARNING - day0asynch - KeyError on get_stock_data request for ARBB - line 122
2023-08-17 11:47:12,307 - __main__ - INFO - day0asynch - Close price of BLND: 1.25 - line 78
2023-08-17 11:47:13,124 - __main__ - WARNING - day0asynch - KeyError on get_stock_data request for CHSN - line 122
2023-08-17 11:47:15,294 - __main__ - WARNING - day0asynch - KeyError on get_stock_data request for CSLR - line 122
2023-08-17 11:47:18,578 - __main__ - INFO - day0asynch - Close price of DCPH: 14.55 - line 78
2023-08-17 11:47:27,494 - __main__ - INFO - day0asynch - Close price of GBTG: 6.55 - line 78
2023-08-17 11:47:28,186 - __main__ - WARNING - day0asynch - KeyError on get_stock_data request for HKIT - line 122
2023-08-17 11:47:30,498 - __main__ - INFO - day0asynch - Close price of HLLY: 6.18 - line 78
2023-08-17 11:47:30,542 - __main__ - WARNING - day0asynch - KeyError on get_stock_data request for HLP - line 122
2023-08-17 11:47:30,632 - __main__ - WARNING - day0asynch - KeyError on get_stock_data request for HSHP - line 122
2023-08-17 11:47:31,909 - __main__ - WARNING - day0asynch - KeyError on get_stock_data request for ISPR - line 122
2023-08-17 11:47:36,485 - __main__ - INFO - day0asynch - Close price of LFMD: 4.08 - line 78
2023-08-17 11:47:38,313 - __main__ - INFO - day0asynch - Close price of LMB: 31.77 - line 78
2023-08-17 11:47:38,358 - __main__ - WARNING - day0asynch - KeyError on get_stock_data request for LTRY - line 122
2023-08-17 11:47:38,505 - __main__ - WARNING - day0asynch - KeyError on get_stock_data request for MGIH - line 122
2023-08-17 11:47:40,857 - __main__ - INFO - day0asynch - Close price of MGNX: 5.23 - line 78
2023-08-17 11:47:40,920 - __main__ - WARNING - day0asynch - KeyError on get_stock_data request for MSGE - line 122
2023-08-17 11:47:40,970 - __main__ - WARNING - day0asynch - KeyError on get_stock_data request for MWG - line 122
2023-08-17 11:47:51,881 - __main__ - WARNING - day0asynch - KeyError on get_stock_data request for SFWL - line 122
2023-08-17 11:47:53,643 - __main__ - WARNING - day0asynch - KeyError on get_stock_data request for SNMP - line 122
2023-08-17 11:47:54,656 - __main__ - WARNING - day0asynch - KeyError on get_stock_data request for STHO - line 122
2023-08-17 11:47:58,576 - __main__ - INFO - day0asynch - Close price of TAST: 7.29 - line 78
2023-08-17 11:48:04,931 - __main__ - INFO - day0asynch - Close price of WE: 0.1501 - line 78
2023-08-17 11:48:06,929 - __main__ - INFO - day0asynch - Close price of YETI: 46.72 - line 78
2023-08-17 11:48:06,934 - __main__ - WARNING - day0asynch - KeyError on get_stock_data request for YGF - line 122
2023-08-17 11:48:06,958 - __main__ - WARNING - day0asynch - KeyError on get_stock_data request for ZJYL - line 122
2023-08-17 11:48:10,915 - __main__ - INFO - day0asynch - Close price of ACIC: 7.86 - line 78
2023-08-17 11:48:10,941 - __main__ - WARNING - day0asynch - KeyError on get_stock_data request for AEON - line 122
2023-08-17 11:48:11,159 - __main__ - WARNING - day0asynch - KeyError on get_stock_data request for AMAM - line 122
2023-08-17 11:48:11,731 - __main__ - WARNING - day0asynch - KeyError on get_stock_data request for ARBB - line 122
2023-08-17 11:48:13,876 - __main__ - INFO - day0asynch - Close price of ARHS: 10.17 - line 78
2023-08-17 11:48:15,905 - __main__ - INFO - day0asynch - Close price of ARRY: 20.68 - line 78
2023-08-17 11:48:18,094 - __main__ - INFO - day0asynch - Close price of AZTA: 55.12 - line 78
2023-08-17 11:48:19,678 - __main__ - INFO - day0asynch - Close price of BLNK: 5.32 - line 78
2023-08-17 11:48:21,935 - __main__ - INFO - day0asynch - Close price of BIRD: 1.32 - line 78
2023-08-17 11:48:24,595 - __main__ - INFO - day0asynch - Close price of BROS: 31.28 - line 78
2023-08-17 11:48:28,388 - __main__ - INFO - day0asynch - Close price of CELH: 179.15 - line 78
2023-08-17 11:48:28,406 - __main__ - WARNING - day0asynch - KeyError on get_stock_data request for CHSN - line 122
2023-08-17 11:48:28,699 - __main__ - WARNING - day0asynch - KeyError on get_stock_data request for CSLR - line 122
2023-08-17 11:48:28,725 - __main__ - WARNING - day0asynch - KeyError on get_stock_data request for BIG - line 122
2023-08-17 11:48:38,471 - __main__ - INFO - day0asynch - Close price of GNS: 1.43 - line 78
2023-08-17 11:48:38,864 - __main__ - WARNING - day0asynch - KeyError on get_stock_data request for HKIT - line 122
2023-08-17 11:48:39,014 - __main__ - WARNING - day0asynch - KeyError on get_stock_data request for HLP - line 122
2023-08-17 11:48:39,612 - __main__ - WARNING - day0asynch - KeyError on get_stock_data request for HSHP - line 122
2023-08-17 11:48:44,362 - __main__ - WARNING - day0asynch - KeyError on get_stock_data request for ISPR - line 122
2023-08-17 11:48:49,335 - __main__ - WARNING - day0asynch - KeyError on get_stock_data request for LTRY - line 122
2023-08-17 11:48:51,054 - __main__ - WARNING - day0asynch - KeyError on get_stock_data request for MGIH - line 122
2023-08-17 11:48:54,865 - __main__ - INFO - day0asynch - Close price of MRTX: 39.72 - line 78
2023-08-17 11:48:54,869 - __main__ - WARNING - day0asynch - KeyError on get_stock_data request for MSGE - line 122
2023-08-17 11:48:54,949 - __main__ - WARNING - day0asynch - KeyError on get_stock_data request for MWG - line 122
2023-08-17 11:49:09,761 - __main__ - INFO - day0asynch - Close price of RPD: 47.09 - line 78
2023-08-17 11:49:10,060 - __main__ - WARNING - day0asynch - KeyError on get_stock_data request for SFWL - line 122
2023-08-17 11:49:10,809 - __main__ - WARNING - day0asynch - KeyError on get_stock_data request for SNMP - line 122
2023-08-17 11:49:12,523 - __main__ - WARNING - day0asynch - KeyError on get_stock_data request for STHO - line 122
2023-08-17 11:49:15,906 - __main__ - INFO - day0asynch - Close price of TBLA: 3.35 - line 78
2023-08-17 11:49:17,938 - __main__ - INFO - day0asynch - Close price of TDUP: 3.96 - line 78
2023-08-17 11:49:21,833 - __main__ - WARNING - day0asynch - KeyError on get_stock_data request for YGF - line 122
2023-08-17 11:49:24,821 - __main__ - WARNING - day0asynch - KeyError on get_stock_data request for ZJYL - line 122
2023-08-17 11:49:31,673 - __main__ - WARNING - day0asynch - KeyError on get_stock_data request for AEON - line 122
2023-08-17 11:49:33,788 - __main__ - WARNING - day0asynch - KeyError on get_stock_data request for AMAM - line 122
2023-08-17 11:49:41,180 - __main__ - WARNING - day0asynch - KeyError on get_stock_data request for ARBB - line 122
2023-08-17 11:49:43,827 - __main__ - WARNING - day0asynch - KeyError on get_stock_data request for CHSN - line 122
2023-08-17 11:49:46,130 - __main__ - WARNING - day0asynch - KeyError on get_stock_data request for CSLR - line 122
2023-08-17 11:49:49,845 - __main__ - INFO - day0asynch - Close price of DCGO: 10.01 - line 78
2023-08-17 11:49:57,325 - __main__ - INFO - day0asynch - Close price of GILT: 6.69 - line 78
2023-08-17 11:49:59,316 - __main__ - INFO - day0asynch - Close price of GPCR: 27.08 - line 78
2023-08-17 11:50:01,297 - __main__ - INFO - day0asynch - Close price of GRRR: 1.8 - line 78
2023-08-17 11:50:01,317 - __main__ - WARNING - day0asynch - KeyError on get_stock_data request for HKIT - line 122
2023-08-17 11:50:01,324 - __main__ - WARNING - day0asynch - KeyError on get_stock_data request for HLP - line 122
2023-08-17 11:50:01,396 - __main__ - WARNING - day0asynch - KeyError on get_stock_data request for HSHP - line 122
2023-08-17 11:50:02,081 - __main__ - WARNING - day0asynch - KeyError on get_stock_data request for ISPR - line 122
2023-08-17 11:50:06,487 - __main__ - INFO - day0asynch - Close price of KD: 16.29 - line 78
2023-08-17 11:50:06,948 - __main__ - WARNING - day0asynch - KeyError on get_stock_data request for LTRY - line 122
2023-08-17 11:50:10,138 - __main__ - INFO - day0asynch - Close price of MASS: 7.0 - line 78
2023-08-17 11:50:10,227 - __main__ - WARNING - day0asynch - KeyError on get_stock_data request for MGIH - line 122
2023-08-17 11:50:11,140 - __main__ - WARNING - day0asynch - KeyError on get_stock_data request for MSGE - line 122
2023-08-17 11:50:11,790 - __main__ - WARNING - day0asynch - KeyError on get_stock_data request for MWG - line 122
2023-08-17 11:50:16,540 - __main__ - INFO - day0asynch - Close price of MNKD: 5.05 - line 78
2023-08-17 11:50:19,240 - __main__ - INFO - day0asynch - Close price of PAY: 13.25 - line 78
2023-08-17 11:50:26,790 - __main__ - WARNING - day0asynch - KeyError on get_stock_data request for SFWL - line 122
2023-08-17 11:50:28,931 - __main__ - WARNING - day0asynch - KeyError on get_stock_data request for SNMP - line 122
2023-08-17 12:29:13,848 - __main__ - WARNING - day0asynch - KeyError on get_stock_data request for ACAX - line 122
2023-08-17 12:29:14,804 - __main__ - WARNING - day0asynch - KeyError on get_stock_data request for AEON - line 122
2023-08-17 12:29:16,232 - __main__ - WARNING - day0asynch - KeyError on get_stock_data request for AMAM - line 122
2023-08-17 12:29:17,509 - __main__ - WARNING - day0asynch - KeyError on get_stock_data request for ARBB - line 122
2023-08-17 12:29:26,895 - __main__ - INFO - day0asynch - Close price of CELL: 0.4 - line 78
2023-08-17 12:29:26,936 - __main__ - WARNING - day0asynch - KeyError on get_stock_data request for CHSN - line 122
2023-08-17 12:29:27,273 - __main__ - WARNING - day0asynch - KeyError on get_stock_data request for CSLR - line 122
2023-08-17 12:29:29,019 - __main__ - WARNING - day0asynch - KeyError on get_stock_data request for DHC - line 122
2023-08-17 12:29:29,730 - __main__ - WARNING - day0asynch - KeyError on get_stock_data request for DSAQ - line 122
2023-08-17 12:29:39,545 - __main__ - INFO - day0asynch - Close price of GAMB: 12.69 - line 78
2023-08-17 12:29:39,983 - __main__ - WARNING - day0asynch - KeyError on get_stock_data request for HKIT - line 122
2023-08-17 12:29:40,079 - __main__ - WARNING - day0asynch - KeyError on get_stock_data request for HSHP - line 122
2023-08-17 12:29:40,083 - __main__ - WARNING - day0asynch - KeyError on get_stock_data request for HLP - line 122
2023-08-17 12:29:42,530 - __main__ - WARNING - day0asynch - KeyError on get_stock_data request for IPDN - line 122
2023-08-17 12:29:42,534 - __main__ - WARNING - day0asynch - KeyError on get_stock_data request for ISPR - line 122
2023-08-17 12:29:49,050 - __main__ - INFO - day0asynch - Close price of JOB: 0.53 - line 78
2023-08-17 12:29:50,007 - __main__ - WARNING - day0asynch - KeyError on get_stock_data request for LTRY - line 122
2023-08-17 12:29:54,976 - __main__ - INFO - day0asynch - Close price of LYTS: 12.76 - line 78
2023-08-17 12:29:55,024 - __main__ - WARNING - day0asynch - KeyError on get_stock_data request for MGIH - line 122
2023-08-17 12:29:55,077 - __main__ - WARNING - day0asynch - KeyError on get_stock_data request for MSGE - line 122
2023-08-17 12:29:55,094 - __main__ - WARNING - day0asynch - KeyError on get_stock_data request for MWG - line 122
2023-08-17 12:30:03,773 - __main__ - INFO - day0asynch - Close price of PIRS: 0.2406 - line 78
2023-08-17 12:30:04,484 - __main__ - WARNING - day0asynch - KeyError on get_stock_data request for RENB - line 122
2023-08-17 12:30:05,799 - __main__ - WARNING - day0asynch - KeyError on get_stock_data request for SFWL - line 122
2023-08-17 12:30:07,604 - __main__ - WARNING - day0asynch - KeyError on get_stock_data request for SNMP - line 122
2023-08-17 12:30:09,214 - __main__ - WARNING - day0asynch - KeyError on get_stock_data request for STHO - line 122
2023-08-17 12:30:14,883 - __main__ - INFO - day0asynch - Close price of TIVC: 0.067 - line 78
2023-08-17 12:30:17,335 - __main__ - INFO - day0asynch - Close price of TRKA: 1.07 - line 78
2023-08-17 12:30:17,469 - __main__ - WARNING - day0asynch - KeyError on get_stock_data request for TYGO - line 122
2023-08-17 12:30:18,076 - __main__ - WARNING - day0asynch - KeyError on get_stock_data request for YGF - line 122
2023-08-17 12:30:18,512 - __main__ - WARNING - day0asynch - KeyError on get_stock_data request for ZJYL - line 122
2023-08-17 12:30:21,517 - __main__ - WARNING - day0asynch - KeyError on get_stock_data request for AEON - line 122
2023-08-17 12:30:24,063 - __main__ - WARNING - day0asynch - KeyError on get_stock_data request for AMAM - line 122
2023-08-17 12:30:25,016 - __main__ - WARNING - day0asynch - KeyError on get_stock_data request for ARBB - line 122
2023-08-17 12:30:33,287 - __main__ - WARNING - day0asynch - KeyError on get_stock_data request for CHSN - line 122
2023-08-17 12:30:37,669 - __main__ - INFO - day0asynch - Close price of CMPS: 9.05 - line 78
2023-08-17 12:30:38,161 - __main__ - WARNING - day0asynch - KeyError on get_stock_data request for CSLR - line 122
2023-08-17 12:30:42,049 - __main__ - INFO - day0asynch - Close price of DLO: 20.45 - line 78
2023-08-17 12:30:45,583 - __main__ - INFO - day0asynch - Close price of EBET: 0.0868 - line 78
2023-08-17 12:30:47,593 - __main__ - WARNING - day0asynch - KeyError on get_stock_data request for HKIT - line 122
2023-08-17 12:30:47,646 - __main__ - WARNING - day0asynch - KeyError on get_stock_data request for HLP - line 122
2023-08-17 12:30:48,182 - __main__ - WARNING - day0asynch - KeyError on get_stock_data request for HSHP - line 122
2023-08-17 12:30:51,223 - __main__ - WARNING - day0asynch - KeyError on get_stock_data request for ISPR - line 122
2023-08-17 12:30:51,499 - __main__ - WARNING - day0asynch - KeyError on get_stock_data request for FHTX - line 122
2023-08-17 12:30:58,870 - __main__ - INFO - day0asynch - Close price of KULR: 1.08 - line 78
2023-08-17 12:30:59,051 - __main__ - WARNING - day0asynch - KeyError on get_stock_data request for LTRY - line 122
2023-08-17 12:31:00,165 - __main__ - WARNING - day0asynch - KeyError on get_stock_data request for MGIH - line 122
2023-08-17 12:31:02,187 - __main__ - WARNING - day0asynch - KeyError on get_stock_data request for MSGE - line 122
2023-08-17 12:31:02,644 - __main__ - WARNING - day0asynch - KeyError on get_stock_data request for MWG - line 122
2023-08-17 12:31:11,954 - __main__ - WARNING - day0asynch - KeyError on get_stock_data request for RENB - line 122
2023-08-17 12:31:14,907 - __main__ - WARNING - day0asynch - KeyError on get_stock_data request for SFWL - line 122
2023-08-17 12:31:16,549 - __main__ - WARNING - day0asynch - KeyError on get_stock_data request for SNMP - line 122
2023-08-17 12:31:17,763 - __main__ - WARNING - day0asynch - KeyError on get_stock_data request for STHO - line 122
2023-08-17 12:31:23,106 - __main__ - INFO - day0asynch - Close price of TIVC: 0.067 - line 78
2023-08-17 12:31:26,794 - __main__ - INFO - day0asynch - Close price of UP: 1.74 - line 78
2023-08-17 12:31:27,262 - __main__ - WARNING - day0asynch - KeyError on get_stock_data request for YGF - line 122
2023-08-17 12:31:27,369 - __main__ - WARNING - day0asynch - KeyError on get_stock_data request for ZJYL - line 122
2023-08-17 12:31:28,776 - __main__ - WARNING - day0asynch - KeyError on get_stock_data request for AEON - line 122
2023-08-17 12:31:30,750 - __main__ - WARNING - day0asynch - KeyError on get_stock_data request for AMAM - line 122
2023-08-17 12:31:31,756 - __main__ - WARNING - day0asynch - KeyError on get_stock_data request for ARBB - line 122
2023-08-17 12:31:39,193 - __main__ - WARNING - day0asynch - KeyError on get_stock_data request for CHSN - line 122
2023-08-17 12:31:41,685 - __main__ - WARNING - day0asynch - KeyError on get_stock_data request for CSLR - line 122
2023-08-17 12:31:54,583 - __main__ - INFO - day0asynch - Close price of GROV: 3.02 - line 78
2023-08-17 12:31:54,946 - __main__ - WARNING - day0asynch - KeyError on get_stock_data request for HKIT - line 122
2023-08-17 12:31:54,958 - __main__ - WARNING - day0asynch - KeyError on get_stock_data request for HLP - line 122
2023-08-17 12:31:55,028 - __main__ - WARNING - day0asynch - KeyError on get_stock_data request for HSHP - line 122
2023-08-17 12:31:55,745 - __main__ - WARNING - day0asynch - KeyError on get_stock_data request for ISPR - line 122
2023-08-17 12:32:00,339 - __main__ - WARNING - day0asynch - KeyError on get_stock_data request for LTRY - line 122
2023-08-17 12:32:05,990 - __main__ - INFO - day0asynch - Close price of LL: 4.32 - line 78
2023-08-17 12:32:06,230 - __main__ - WARNING - day0asynch - KeyError on get_stock_data request for MGIH - line 122
2023-08-17 12:32:08,802 - __main__ - INFO - day0asynch - Close price of MITK: 11.25 - line 78
2023-08-17 12:32:08,836 - __main__ - WARNING - day0asynch - KeyError on get_stock_data request for MSGE - line 122
2023-08-17 12:32:09,024 - __main__ - WARNING - day0asynch - KeyError on get_stock_data request for MWG - line 122
2023-08-17 12:32:12,596 - __main__ - INFO - day0asynch - Close price of NVOS: 0.1811 - line 78
2023-08-17 12:32:16,264 - __main__ - INFO - day0asynch - Close price of PSFE: 13.61 - line 78
2023-08-17 12:32:18,973 - __main__ - INFO - day0asynch - Close price of RSKD: 4.53 - line 78
2023-08-17 12:32:19,268 - __main__ - WARNING - day0asynch - KeyError on get_stock_data request for SFWL - line 122
2023-08-17 12:32:19,358 - __main__ - WARNING - day0asynch - KeyError on get_stock_data request for SNMP - line 122
2023-08-17 12:32:22,730 - __main__ - INFO - day0asynch - Close price of SOLO: 0.7905 - line 78
2023-08-17 12:32:23,012 - __main__ - WARNING - day0asynch - KeyError on get_stock_data request for STHO - line 122
2023-08-17 12:32:27,063 - __main__ - INFO - day0asynch - Close price of TTOO: 0.5688 - line 78
2023-08-17 12:32:28,745 - __main__ - INFO - day0asynch - Close price of WLDS: 1.5 - line 78
2023-08-17 12:32:28,787 - __main__ - WARNING - day0asynch - KeyError on get_stock_data request for YGF - line 122
2023-08-17 12:32:28,802 - __main__ - WARNING - day0asynch - KeyError on get_stock_data request for ZJYL - line 122
2023-08-17 12:32:30,480 - __main__ - WARNING - day0asynch - KeyError on get_stock_data request for AEON - line 122
2023-08-17 12:32:31,861 - __main__ - WARNING - day0asynch - KeyError on get_stock_data request for AMAM - line 122
2023-08-17 12:32:36,092 - __main__ - INFO - day0asynch - Close price of APE: 2.12 - line 78
2023-08-17 12:32:36,137 - __main__ - WARNING - day0asynch - KeyError on get_stock_data request for ARBB - line 122
2023-08-17 12:32:40,072 - __main__ - INFO - day0asynch - Close price of ASTL: 7.47 - line 78
2023-08-17 12:32:40,844 - __main__ - WARNING - day0asynch - KeyError on get_stock_data request for CHSN - line 122
2023-08-17 12:32:42,200 - __main__ - WARNING - day0asynch - KeyError on get_stock_data request for CSLR - line 122
2023-08-17 12:32:49,306 - __main__ - INFO - day0asynch - Close price of ETON: 4.34 - line 78
2023-08-17 12:32:54,400 - __main__ - INFO - day0asynch - Close price of GNS: 1.43 - line 78
2023-08-17 12:32:54,797 - __main__ - WARNING - day0asynch - KeyError on get_stock_data request for HKIT - line 122
2023-08-17 12:32:54,806 - __main__ - WARNING - day0asynch - KeyError on get_stock_data request for HLP - line 122
2023-08-17 12:32:54,869 - __main__ - WARNING - day0asynch - KeyError on get_stock_data request for HSHP - line 122
2023-08-17 12:33:00,686 - __main__ - INFO - day0asynch - Close price of HUMA: 4.19 - line 78
2023-08-17 12:33:01,252 - __main__ - WARNING - day0asynch - KeyError on get_stock_data request for ISPR - line 122
2023-08-17 12:33:02,456 - __main__ - WARNING - day0asynch - KeyError on get_stock_data request for LTRY - line 122
2023-08-17 12:33:02,638 - __main__ - WARNING - day0asynch - KeyError on get_stock_data request for MGIH - line 122
2023-08-17 12:33:03,917 - __main__ - WARNING - day0asynch - KeyError on get_stock_data request for MSGE - line 122
2023-08-17 12:33:04,376 - __main__ - WARNING - day0asynch - KeyError on get_stock_data request for MWG - line 122
2023-08-17 12:33:18,891 - __main__ - WARNING - day0asynch - KeyError on get_stock_data request for SFWL - line 122
2023-08-17 12:33:20,423 - __main__ - WARNING - day0asynch - KeyError on get_stock_data request for SNMP - line 122
2023-08-17 12:33:22,044 - __main__ - WARNING - day0asynch - KeyError on get_stock_data request for STHO - line 122
2023-08-17 12:33:31,234 - __main__ - INFO - day0asynch - Close price of TSHA: 1.93 - line 78
2023-08-17 12:33:32,885 - __main__ - INFO - day0asynch - Close price of VFF: 0.8203 - line 78
2023-08-17 12:33:34,348 - __main__ - INFO - day0asynch - Close price of X: 30.65 - line 78
2023-08-17 12:33:34,370 - __main__ - WARNING - day0asynch - KeyError on get_stock_data request for YGF - line 122
2023-08-17 12:33:34,401 - __main__ - WARNING - day0asynch - KeyError on get_stock_data request for ZJYL - line 122
2023-08-17 12:33:36,081 - __main__ - WARNING - day0asynch - KeyError on get_stock_data request for AEON - line 122
2023-08-17 12:33:37,679 - __main__ - WARNING - day0asynch - KeyError on get_stock_data request for AMAM - line 122
2023-08-17 12:33:42,184 - __main__ - INFO - day0asynch - Close price of AMRS: 0.0795 - line 78
2023-08-17 12:33:42,562 - __main__ - WARNING - day0asynch - KeyError on get_stock_data request for ARBB - line 122
2023-08-17 12:33:46,683 - __main__ - WARNING - day0asynch - KeyError on get_stock_data request for CHSN - line 122
2023-08-17 12:33:49,126 - __main__ - WARNING - day0asynch - KeyError on get_stock_data request for CSLR - line 122
2023-08-17 12:33:57,094 - __main__ - INFO - day0asynch - Close price of ETON: 4.34 - line 78
2023-08-17 12:34:00,982 - __main__ - INFO - day0asynch - Close price of EVLV: 6.98 - line 78
2023-08-17 12:34:05,562 - __main__ - INFO - day0asynch - Close price of GNS: 1.43 - line 78
2023-08-17 12:34:05,698 - __main__ - WARNING - day0asynch - KeyError on get_stock_data request for HKIT - line 122
2023-08-17 12:34:05,825 - __main__ - WARNING - day0asynch - KeyError on get_stock_data request for HLP - line 122
2023-08-17 12:34:06,053 - __main__ - WARNING - day0asynch - KeyError on get_stock_data request for HSHP - line 122
2023-08-17 12:34:10,530 - __main__ - INFO - day0asynch - Close price of INOD: 13.15 - line 78
2023-08-17 12:34:13,297 - __main__ - ERROR - day0asynch - Unexpected error on get_sector request for IONQ: list index out of range - line 60
2023-08-17 12:34:13,999 - __main__ - INFO - day0asynch - Close price of IONQ: 13.69 - line 78
2023-08-17 12:34:14,013 - __main__ - WARNING - day0asynch - KeyError on get_stock_data request for ISPR - line 122
2023-08-17 12:34:14,165 - __main__ - WARNING - day0asynch - KeyError on get_stock_data request for LTRY - line 122
2023-08-17 12:34:14,222 - __main__ - WARNING - day0asynch - KeyError on get_stock_data request for MGIH - line 122
2023-08-17 12:34:20,175 - __main__ - INFO - day0asynch - Close price of MODV: 35.74 - line 78
2023-08-17 12:34:20,336 - __main__ - WARNING - day0asynch - KeyError on get_stock_data request for MSGE - line 122
2023-08-17 12:34:20,565 - __main__ - WARNING - day0asynch - KeyError on get_stock_data request for MWG - line 122
2023-08-17 12:34:27,550 - __main__ - INFO - day0asynch - Close price of OUST: 6.34 - line 78
2023-08-17 12:34:33,095 - __main__ - INFO - day0asynch - Close price of PGY: 2.13 - line 78
2023-08-17 12:34:37,940 - __main__ - INFO - day0asynch - Close price of RGTI: 2.09 - line 78
2023-08-17 12:34:38,425 - __main__ - WARNING - day0asynch - KeyError on get_stock_data request for SFWL - line 122
2023-08-17 12:34:40,616 - __main__ - INFO - day0asynch - Close price of SHCO: 6.89 - line 78
2023-08-17 12:34:42,321 - __main__ - INFO - day0asynch - Close price of SMSI: 1.5 - line 78
2023-08-17 12:34:42,326 - __main__ - WARNING - day0asynch - KeyError on get_stock_data request for SNMP - line 122
2023-08-17 12:34:42,391 - __main__ - WARNING - day0asynch - KeyError on get_stock_data request for STHO - line 122
2023-08-17 12:34:43,685 - __main__ - INFO - day0asynch - Close price of TNGX: 6.84 - line 78
2023-08-17 12:34:43,908 - __main__ - WARNING - day0asynch - KeyError on get_stock_data request for YGF - line 122
2023-08-17 12:34:43,935 - __main__ - WARNING - day0asynch - KeyError on get_stock_data request for ZJYL - line 122
2023-08-17 12:34:49,607 - __main__ - INFO - day0asynch - Close price of ACIC: 7.86 - line 78
2023-08-17 12:34:49,628 - __main__ - WARNING - day0asynch - KeyError on get_stock_data request for AEON - line 122
2023-08-17 12:34:55,185 - __main__ - INFO - day0asynch - Close price of ADMA: 4.44 - line 78
2023-08-17 12:34:55,612 - __main__ - WARNING - day0asynch - KeyError on get_stock_data request for AMAM - line 122
2023-08-17 12:34:56,151 - __main__ - WARNING - day0asynch - KeyError on get_stock_data request for ARBB - line 122
2023-08-17 12:34:56,677 - __main__ - WARNING - day0asynch - KeyError on get_stock_data request for AZTA - line 122
2023-08-17 12:35:01,433 - __main__ - INFO - day0asynch - Close price of BLND: 1.25 - line 78
2023-08-17 12:35:02,199 - __main__ - WARNING - day0asynch - KeyError on get_stock_data request for CHSN - line 122
2023-08-17 12:35:02,326 - __main__ - WARNING - day0asynch - KeyError on get_stock_data request for CSLR - line 122
2023-08-17 12:35:06,792 - __main__ - INFO - day0asynch - Close price of DCPH: 14.55 - line 78
2023-08-17 12:35:11,180 - __main__ - INFO - day0asynch - Close price of GBTG: 6.55 - line 78
2023-08-17 12:35:11,972 - __main__ - WARNING - day0asynch - KeyError on get_stock_data request for HKIT - line 122
2023-08-17 12:35:15,800 - __main__ - INFO - day0asynch - Close price of HLLY: 6.18 - line 78
2023-08-17 12:35:15,803 - __main__ - WARNING - day0asynch - KeyError on get_stock_data request for HLP - line 122
2023-08-17 12:35:15,823 - __main__ - WARNING - day0asynch - KeyError on get_stock_data request for HSHP - line 122
2023-08-17 12:35:15,977 - __main__ - WARNING - day0asynch - KeyError on get_stock_data request for ISPR - line 122
2023-08-17 12:35:22,486 - __main__ - INFO - day0asynch - Close price of LFMD: 4.08 - line 78
2023-08-17 12:35:25,885 - __main__ - INFO - day0asynch - Close price of LMB: 31.77 - line 78
2023-08-17 12:35:25,922 - __main__ - WARNING - day0asynch - KeyError on get_stock_data request for LTRY - line 122
2023-08-17 12:35:29,516 - __main__ - INFO - day0asynch - Close price of MGNX: 5.23 - line 78
2023-08-17 12:35:29,517 - __main__ - WARNING - day0asynch - KeyError on get_stock_data request for MGIH - line 122
2023-08-17 12:35:29,571 - __main__ - WARNING - day0asynch - KeyError on get_stock_data request for MSGE - line 122
2023-08-17 12:35:29,724 - __main__ - WARNING - day0asynch - KeyError on get_stock_data request for MWG - line 122
2023-08-17 12:35:33,032 - __main__ - WARNING - day0asynch - KeyError on get_stock_data request for SFWL - line 122
2023-08-17 12:35:34,109 - __main__ - WARNING - day0asynch - KeyError on get_stock_data request for SNMP - line 122
2023-08-17 12:35:35,308 - __main__ - WARNING - day0asynch - KeyError on get_stock_data request for STHO - line 122
2023-08-17 12:35:38,790 - __main__ - INFO - day0asynch - Close price of TAST: 7.29 - line 78
2023-08-17 12:35:43,806 - __main__ - INFO - day0asynch - Close price of WE: 0.1501 - line 78
2023-08-17 12:35:43,874 - __main__ - WARNING - day0asynch - KeyError on get_stock_data request for YGF - line 122
2023-08-17 12:35:45,340 - __main__ - INFO - day0asynch - Close price of YETI: 46.72 - line 78
2023-08-17 12:35:45,359 - __main__ - WARNING - day0asynch - KeyError on get_stock_data request for ZJYL - line 122
2023-08-18 00:11:02,872 - __main__ - WARNING - scratchv2 - KeyError on get_stock_data request for AEON - line 122
2023-08-18 00:11:04,389 - __main__ - WARNING - scratchv2 - KeyError on get_stock_data request for AMAM - line 122
2023-08-18 00:11:05,769 - __main__ - WARNING - scratchv2 - KeyError on get_stock_data request for ARBB - line 122
2023-08-18 00:14:05,962 - __main__ - WARNING - day0asynch - KeyError on get_stock_data request for AEON - line 122
2023-08-18 00:14:07,150 - __main__ - WARNING - day0asynch - KeyError on get_stock_data request for AMAM - line 122
2023-08-18 00:14:08,384 - __main__ - WARNING - day0asynch - KeyError on get_stock_data request for ARBB - line 122
